11:28:55.311 INFO [GridLauncherV3.parse] - Selenium server version: 3.141.59, revision: e82be7d358
11:28:55.407 INFO [GridLauncherV3.lambda$buildLaunchers$3] - Launching a standalone Selenium Server on port 4444
2019-10-10 11:28:55.479:INFO::main: Logging initialized @400ms to org.seleniumhq.jetty9.util.log.StdErrLog
11:28:55.865 INFO [WebDriverServlet.<init>] - Initialising WebDriverServlet
11:28:56.000 INFO [SeleniumServer.boot] - Selenium Server is up and running on port 4444
11:28:56.317 INFO [ActiveSessionFactory.apply] - Capabilities are: {
  "acceptSslCerts": true,
  "browserName": "chrome",
  "chromeOptions": {
    "w3c": false
  },
  "name": "Tes"
}
11:28:56.321 INFO [ActiveSessionFactory.lambda$apply$11] - Matched factory org.openqa.selenium.grid.session.remote.ServicedSession$Factory (provider: org.openqa.selenium.chrome.ChromeDriverService)
Starting ChromeDriver 77.0.3865.40 (f484704e052e0b556f8030b65b953dce96503217-refs/branch-heads/3865@{#442}) on port 5725
Only local connections are allowed.
Please protect ports used by ChromeDriver and related test frameworks to prevent access by malicious code.
11:28:58.875 INFO [ProtocolHandshake.createSession] - Detected dialect: OSS
11:28:59.374 INFO [RemoteSession$Factory.lambda$performHandshake$0] - Started new session 55ba7b29e9f9740a4cc417dc82cd79f4 (org.openqa.selenium.chrome.ChromeDriverService)
11:29:28.962 INFO [ActiveSessions$1.onStop] - Removing session 55ba7b29e9f9740a4cc417dc82cd79f4 (org.openqa.selenium.chrome.ChromeDriverService)
